TN:
SF:src/Multisig.sol
FN:127,Multisig.onlyOwner
FNDA:16,Multisig.onlyOwner
DA:128,16
BRDA:128,0,0,-
DA:129,0
FN:135,Multisig.txExists
FNDA:9,Multisig.txExists
DA:136,9
BRDA:136,1,0,1
DA:137,1
FN:143,Multisig.txNotExecuted
FNDA:8,Multisig.txNotExecuted
DA:144,1
BRDA:144,2,0,1
DA:145,1
FN:153,Multisig.
FNDA:28,Multisig.
DA:154,28
FN:161,Multisig.addOwner
FNDA:16,Multisig.addOwner
DA:162,16
BRDA:162,3,0,1
DA:163,1
DA:166,1
BRDA:166,4,0,1
DA:167,1
DA:170,14
DA:171,14
DA:174,14
FN:180,Multisig.acceptOwnership
FNDA:15,Multisig.acceptOwnership
DA:181,15
DA:183,15
BRDA:183,5,0,1
DA:184,1
DA:187,14
BRDA:187,6,0,1
DA:188,1
DA:191,13
DA:192,13
DA:193,13
DA:195,13
FN:202,Multisig.renounceOwnership
FNDA:2,Multisig.renounceOwnership
DA:203,2
BRDA:203,7,0,1
BRDA:203,7,1,1
DA:205,1
DA:206,1
DA:208,1
FN:218,Multisig.submitTransaction
FNDA:26,Multisig.submitTransaction
DA:223,25
BRDA:223,8,0,1
DA:224,1
DA:227,24
DA:229,24
DA:238,24
DA:239,24
DA:241,24
DA:243,24
FN:250,Multisig.approveTransaction
FNDA:10,Multisig.approveTransaction
DA:256,1
BRDA:256,9,0,1
DA:257,1
DA:260,6
DA:261,6
DA:263,6
FN:270,Multisig.unapproveTransaction
FNDA:3,Multisig.unapproveTransaction
DA:276,3
BRDA:276,10,0,1
DA:277,1
DA:280,2
DA:281,2
DA:283,2
BRDA:283,11,0,1
DA:284,1
DA:287,2
FN:296,Multisig.executeTransaction
FNDA:6,Multisig.executeTransaction
DA:302,6
DA:304,6
BRDA:304,12,0,1
DA:305,1
DA:308,5
DA:311,5
DA:312,5
BRDA:312,13,0,2
DA:314,3
FN:327,Multisig.getTxHash
FNDA:10,Multisig.getTxHash
DA:333,34
FN:345,Multisig.getTransaction
FNDA:28,Multisig.getTransaction
DA:356,28
DA:357,28
FN:364,Multisig.balance
FNDA:3,Multisig.balance
DA:365,3
FN:370,Multisig.
FNDA:0,Multisig.
FNF:15
FNH:14
LF:58
LH:57
BRF:15
BRH:14
end_of_record
